<?xml version="1.0" encoding="UTF-8"?>
<!-- Generated by org.testng.reporters.JUnitXMLReporter -->
<testsuite ignored="0" hostname="Ilkins-MBP.hsd1.il.comcast.net" failures="2" tests="6" name="All Functionalities" time="140.666" errors="0" timestamp="2022-06-20T02:05:29 CDT">
  <testcase classname="scripts.CarvanaTest" name="testCarvanaHomeAndUrl" time="4.525"/>
  <testcase classname="scripts.CarvanaTest" name="testCarvanaLogo" time="3.138"/>
  <testcase classname="scripts.CarvanaTest" name="testNavigationItems" time="4.832"/>
  <testcase classname="scripts.CarvanaTest" name="testSignInError" time="11.203">
    <failure type="org.openqa.selenium.ElementClickInterceptedException" message="element click intercepted: Element &amp;lt;button width=&amp;quot;100%&amp;quot; data-cv=&amp;quot;sign-in-submit&amp;quot; type=&amp;quot;submit&amp;quot; disabled=&amp;quot;&amp;quot; data-qa=&amp;quot;button-base&amp;quot; class=&amp;quot;ButtonBase-c01aoz-0 BlueButton-sc-133183u-0 nqLpU&amp;quot;&amp;gt;...&amp;lt;/button&amp;gt; is not clickable at point (720, 391). Other element would receive the click: &amp;lt;form data-qa=&amp;quot;account-modal-forms-wrapper&amp;quot; class=&amp;quot;AccountModalstyles__AccountModalFormsWrapper-sc-94oom3-2 gfZhNE&amp;quot;&amp;gt;...&amp;lt;/form&amp;gt;
  (Session info: chrome=102.0.5005.115)
Build info: version: &amp;apos;3.141.59&amp;apos;, revision: &amp;apos;e82be7d358&amp;apos;, time: &amp;apos;2018-11-14T08:17:03&amp;apos;
System info: host: &amp;apos;Ilkins-MBP.hsd1.il.comcast.net&amp;apos;, ip: &amp;apos;2601:245:4201:f350:0:0:0:ae45%en0&amp;apos;, os.name: &amp;apos;Mac OS X&amp;apos;, os.arch: &amp;apos;x86_64&amp;apos;, os.version: &amp;apos;10.15.7&amp;apos;, java.version: &amp;apos;18.0.1&amp;apos;
Driver info: org.openqa.selenium.chrome.ChromeDriver
Capabilities {acceptInsecureCerts: false, browserName: chrome, browserVersion: 102.0.5005.115, chrome: {chromedriverVersion: 102.0.5005.61 (0e59bcc00cc4..., userDataDir: /var/folders/br/k7_d2_bd441...}, goog:chromeOptions: {debuggerAddress: localhost:62251}, javascriptEnabled: true, networkConnectionEnabled: false, pageLoadStrategy: normal, platform: MAC, platformName: MAC, proxy: Proxy(), setWindowRect: true, strictFileInteractability: false, timeouts: {implicit: 0, pageLoad: 300000, script: 30000}, unhandledPromptBehavior: dismiss and notify, webauthn:extension:credBlob: true, webauthn:extension:largeBlob: true, webauthn:virtualAuthenticators: true}
Session ID: a3bfd66e5e8437be10f27a8912baf4e2">
      <![CDATA[org.openqa.selenium.ElementClickInterceptedException: element click intercepted: Element <button width="100%" data-cv="sign-in-submit" type="submit" disabled="" data-qa="button-base" class="ButtonBase-c01aoz-0 BlueButton-sc-133183u-0 nqLpU">...</button> is not clickable at point (720, 391). Other element would receive the click: <form data-qa="account-modal-forms-wrapper" class="AccountModalstyles__AccountModalFormsWrapper-sc-94oom3-2 gfZhNE">...</form>
  (Session info: chrome=102.0.5005.115)
Build info: version: '3.141.59', revision: 'e82be7d358', time: '2018-11-14T08:17:03'
System info: host: 'Ilkins-MBP.hsd1.il.comcast.net', ip: '2601:245:4201:f350:0:0:0:ae45%en0', os.name: 'Mac OS X', os.arch: 'x86_64', os.version: '10.15.7', java.version: '18.0.1'
Driver info: org.openqa.selenium.chrome.ChromeDriver
Capabilities {acceptInsecureCerts: false, browserName: chrome, browserVersion: 102.0.5005.115, chrome: {chromedriverVersion: 102.0.5005.61 (0e59bcc00cc4..., userDataDir: /var/folders/br/k7_d2_bd441...}, goog:chromeOptions: {debuggerAddress: localhost:62251}, javascriptEnabled: true, networkConnectionEnabled: false, pageLoadStrategy: normal, platform: MAC, platformName: MAC, proxy: Proxy(), setWindowRect: true, strictFileInteractability: false, timeouts: {implicit: 0, pageLoad: 300000, script: 30000}, unhandledPromptBehavior: dismiss and notify, webauthn:extension:credBlob: true, webauthn:extension:largeBlob: true, webauthn:virtualAuthenticators: true}
Session ID: a3bfd66e5e8437be10f27a8912baf4e2
at org.openqa.selenium.remote.http.W3CHttpResponseCodec.createException(W3CHttpResponseCodec.java:187)
at org.openqa.selenium.remote.http.W3CHttpResponseCodec.decode(W3CHttpResponseCodec.java:122)
at org.openqa.selenium.remote.http.W3CHttpResponseCodec.decode(W3CHttpResponseCodec.java:49)
at org.openqa.selenium.remote.HttpCommandExecutor.execute(HttpCommandExecutor.java:158)
at org.openqa.selenium.remote.service.DriverCommandExecutor.execute(DriverCommandExecutor.java:83)
at org.openqa.selenium.remote.RemoteWebDriver.execute(RemoteWebDriver.java:552)
at org.openqa.selenium.remote.RemoteWebElement.execute(RemoteWebElement.java:285)
at org.openqa.selenium.remote.RemoteWebElement.click(RemoteWebElement.java:84)
at org.openqa.selenium.support.pagefactory.internal.LocatingElementHandler.invoke(LocatingElementHandler.java:51)
at jdk.proxy2/jdk.proxy2.$Proxy9.click(Unknown Source)
at scripts.CarvanaTest.testSignInError(CarvanaTest.java:86)
at java.base/java.util.ArrayList.forEach(ArrayList.java:1511)
... Removed 33 stack frames]]>
    </failure>
  </testcase> <!-- testSignInError -->
  <testcase classname="scripts.CarvanaTest" name="testSearchAndSearchFilterButton" time="12.807"/>
  <testcase classname="scripts.CarvanaTest" name="testSearchResultTiles" time="47.912">
    <failure type="java.lang.IndexOutOfBoundsException" message="Index 0 out of bounds for length 0">
      <![CDATA[java.lang.IndexOutOfBoundsException: Index 0 out of bounds for length 0
at java.base/jdk.internal.util.Preconditions.outOfBounds(Preconditions.java:100)
at java.base/jdk.internal.util.Preconditions.outOfBoundsCheckIndex(Preconditions.java:106)
at java.base/jdk.internal.util.Preconditions.checkIndex(Preconditions.java:302)
at java.base/java.util.Objects.checkIndex(Objects.java:359)
at java.base/java.util.ArrayList.get(ArrayList.java:427)
at org.openqa.selenium.support.pagefactory.internal.LocatingElementListHandler.invoke(LocatingElementListHandler.java:39)
at jdk.proxy2/jdk.proxy2.$Proxy10.get(Unknown Source)
at scripts.CarvanaTest.testSearchResultTiles(CarvanaTest.java:168)
at java.base/java.util.ArrayList.forEach(ArrayList.java:1511)
... Removed 30 stack frames]]>
    </failure>
  </testcase> <!-- testSearchResultTiles -->
</testsuite> <!-- All Functionalities -->
